diverge-11.pds diverge-11.init 0|0,0
concurrent mode......
CBA...
explicit exploration......
Approximation Z:
  (0|-,6) (0|-,7) (0|2,6) (0|2,7) (0|5,6) (0|5,7) 
  (1|-,6) (1|-,7) (1|2,6) (1|2,7) (1|5,6) (1|5,7) 
G intersects Z:
  (0|-,6) (0|-,7) (0|5,6) (0|5,7) 
  (1|-,6) (1|-,7) (1|5,6) (1|5,7) 
(0,2) -> (0,5)
(0,5) -> (0,-)
(0,5) -> (0,5)
(1,2) -> (0,2)
(1,5) -> (1,-)
(1,5) -> (1,5)
(0,6) -> (1,7)
(0,7) -> (0,6)
(1,6) -> (1,7)
(1,7) -> (1,6)
======================================
context 0
  t=* <1|2,6> : (1|2,6)
the number of new visible states: 1
======================================
context 1
  t=0 <0|25,6> : (0|2,6)
  t=0 <0|55,6> : (0|5,6)
  t=0 <0|5,6>
  t=0 <0|-,6> : (0|-,6)
  t=1 <1|2,7> : (1|2,7)
the number of new visible states: 4
======================================
context 2
  t=0 <0|25,7> : (0|2,7)
  t=0 <0|55,7> : (0|5,7)
  t=0 <0|5,7>
  t=0 <0|-,7> : (0|-,7)
  t=1 <1|25,7>
  t=1 <1|55,7> : (1|5,7)
  t=1 <1|5,7>
  t=1 <1|-,7> : (1|-,7)
  t=1 <1|25,6>
  t=1 <1|55,6> : (1|5,6)
  t=1 <1|5,6>
  t=1 <1|-,6> : (1|-,6)
the number of new visible states: 7
======================================
context 3
  t=0 <0|255,7>
  t=0 <0|255,6>
  t=0 <0|555,7>
  t=0 <0|555,6>
the number of new visible states: 0
=> sequence T(R) collapses at 2
======================================
