diverge-11.pds diverge-11.init 0|0,0
concurrent mode......
write-bounded analysis......
explicit exploration......
input 4 (1|2,6) (0|0,0)
======================================
write 0
  (1|2,6) : (1|2,6)
  (1|2,7) : (1|2,7)
the number of new visible states: 2
======================================
write 1
  (0|25,6) : (0|2,6)
  (0|25,7) : (0|2,7)
  (0|55,6) : (0|5,6)
  (0|55,7) : (0|5,7)
  (0|5,6)
  (0|5,7)
  (0|-,6) : (0|-,6)
  (0|-,7) : (0|-,7)
the number of new visible states: 6
======================================
write 2
  (1|25,7)
  (1|55,7) : (1|5,7)
  (1|5,7)
  (1|-,7) : (1|-,7)
  (1|25,6)
  (1|55,6) : (1|5,6)
  (1|5,6)
  (1|-,6) : (1|-,6)
the number of new visible states: 4
======================================
write 3
  (0|255,7)
  (0|255,6)
  (0|555,7)
  (0|555,6)
the number of new visible states: 0
======================================
write 4
  (1|255,7)
  (1|555,7)
  (1|255,6)
  (1|555,6)
the number of new visible states: 0
