examples/toy_examples/stutter/stutter-11.pds examples/toy_examples/stutter/stutter-11.init 0|0,0
concurrent mode......
context-(un)bounded analysis...
symbolic exploration......
Approximation Z:
  (0|1,4) (0|1,6) (0|1,-) 
  (1|2,4) (1|2,6) (1|2,-) 
  (2|2,5) 
  (3|2,4) 
G intersects Z:
  (0|1,6) (0|1,-) 
(0,1) -> (1,2)
(3,2) -> (0,1)
(0,4) -> (0,6)
(0,4) -> (0,-)
(1,4) -> (2,5)
(2,5) -> (3,4)

Initial configuration: <0|A0,A1>
A0: S = { 0 4 }
F = { 4}
D = {
    (0,1,4)
}
A1: S = { 0 6 }
F = { 6}
D = {
    (0,4,6)
}

======================================
context 0
  (0|1,4)
======================================
context 1
  (1|2,4)
  (0|1,-)
======================================
context 2
  (2|2,5)
  (3|2,4)
  (1|2,-)
======================================
context 3
=> sequence top_R plateaus at 3
======================================
context 4
  (0|1,6)
======================================
context 5
  (1|2,6)
======================================
context 6
=> sequence top_R collapses at 5
======================================
